Flow report for clk_divider_counter
Tue Mar 05 14:59:32 2024
Quartus Prime Version 18.0.0 Build 614 04/24/2018 SJ Lite Edition


---------------------
; Table of Contents ;
---------------------
  1. Legal Notice
  2. Flow Summary
  3. Flow Settings
  4. Flow Non-Default Global Settings
  5. Flow Elapsed Time
  6. Flow OS Summary
  7. Flow Log
  8. Flow Messages
  9. Flow Suppressed Messages



----------------
; Legal Notice ;
----------------
Copyright (C) 2018  Intel Corporation. All rights reserved.
Your use of Intel Corporation's design tools, logic functions 
and other software and tools, and its AMPP partner logic 
functions, and any output files from any of the foregoing 
(including device programming or simulation files), and any 
associated documentation or information are expressly subject 
to the terms and conditions of the Intel Program License 
Subscription Agreement, the Intel Quartus Prime License Agreement,
the Intel FPGA IP License Agreement, or other applicable license
agreement, including, without limitation, that your use is for
the sole purpose of programming logic devices manufactured by
Intel and sold by Intel or its authorized distributors.  Please
refer to the applicable agreement for further details.



+----------------------------------------------------------------------------------+
; Flow Summary                                                                     ;
+------------------------------------+---------------------------------------------+
; Flow Status                        ; Successful - Tue Mar 05 14:59:32 2024       ;
; Quartus Prime Version              ; 18.0.0 Build 614 04/24/2018 SJ Lite Edition ;
; Revision Name                      ; clk_divider_counter                         ;
; Top-level Entity Name              ; top_wrapper                                 ;
; Family                             ; MAX 10                                      ;
; Device                             ; 10M50DAF484C7G                              ;
; Timing Models                      ; Final                                       ;
; Total logic elements               ; 117 / 49,760 ( < 1 % )                      ;
;     Total combinational functions  ; 116 / 49,760 ( < 1 % )                      ;
;     Dedicated logic registers      ; 38 / 49,760 ( < 1 % )                       ;
; Total registers                    ; 38                                          ;
; Total pins                         ; 44 / 360 ( 12 % )                           ;
; Total virtual pins                 ; 0                                           ;
; Total memory bits                  ; 0 / 1,677,312 ( 0 % )                       ;
; Embedded Multiplier 9-bit elements ; 0 / 288 ( 0 % )                             ;
; Total PLLs                         ; 0 / 4 ( 0 % )                               ;
; UFM blocks                         ; 0 / 1 ( 0 % )                               ;
; ADC blocks                         ; 0 / 2 ( 0 % )                               ;
+------------------------------------+---------------------------------------------+


+-----------------------------------------+
; Flow Settings                           ;
+-------------------+---------------------+
; Option            ; Setting             ;
+-------------------+---------------------+
; Start date & time ; 03/05/2024 14:59:00 ;
; Main task         ; Compilation         ;
; Revision Name     ; clk_divider_counter ;
+-------------------+---------------------+


+------------------------------------------------------------------------------------------------------------------------------------+
; Flow Non-Default Global Settings                                                                                                   ;
+--------------------------------------+----------------------------------------+---------------------+-------------+----------------+
; Assignment Name                      ; Value                                  ; Default Value       ; Entity Name ; Section Id     ;
+--------------------------------------+----------------------------------------+---------------------+-------------+----------------+
; COMPILER_SIGNATURE_ID                ; 118902019527087.170967233902612        ; --                  ; --          ; --             ;
; EDA_DESIGN_INSTANCE_NAME             ; NA                                     ; --                  ; --          ; clk_divider_tb ;
; EDA_NATIVELINK_SIMULATION_TEST_BENCH ; clk_divider_tb                         ; --                  ; --          ; eda_simulation ;
; EDA_OUTPUT_DATA_FORMAT               ; Verilog Hdl                            ; --                  ; --          ; eda_simulation ;
; EDA_SIMULATION_TOOL                  ; ModelSim-Altera (Verilog)              ; <None>              ; --          ; --             ;
; EDA_TEST_BENCH_ENABLE_STATUS         ; TEST_BENCH_MODE                        ; --                  ; --          ; eda_simulation ;
; EDA_TEST_BENCH_FILE                  ; clk_divider_tb.v                       ; --                  ; --          ; clk_divider_tb ;
; EDA_TEST_BENCH_MODULE_NAME           ; clk_divider_tb                         ; --                  ; --          ; clk_divider_tb ;
; EDA_TEST_BENCH_NAME                  ; clk_divider_tb                         ; --                  ; --          ; eda_simulation ;
; EDA_TIME_SCALE                       ; 1 ps                                   ; --                  ; --          ; eda_simulation ;
; MAX_CORE_JUNCTION_TEMP               ; 85                                     ; --                  ; --          ; --             ;
; MIN_CORE_JUNCTION_TEMP               ; 0                                      ; --                  ; --          ; --             ;
; PARTITION_COLOR                      ; -- (Not supported for targeted family) ; --                  ; top_wrapper ; Top            ;
; PARTITION_FITTER_PRESERVATION_LEVEL  ; -- (Not supported for targeted family) ; --                  ; top_wrapper ; Top            ;
; PARTITION_NETLIST_TYPE               ; -- (Not supported for targeted family) ; --                  ; top_wrapper ; Top            ;
; POWER_BOARD_THERMAL_MODEL            ; None (CONSERVATIVE)                    ; --                  ; --          ; --             ;
; POWER_PRESET_COOLING_SOLUTION        ; 23 MM HEAT SINK WITH 200 LFPM AIRFLOW  ; --                  ; --          ; --             ;
; PROJECT_OUTPUT_DIRECTORY             ; output_files                           ; --                  ; --          ; --             ;
; TOP_LEVEL_ENTITY                     ; top_wrapper                            ; clk_divider_counter ; --          ; --             ;
+--------------------------------------+----------------------------------------+---------------------+-------------+----------------+


+--------------------------------------------------------------------------------------------------------------------------+
; Flow Elapsed Time                                                                                                        ;
+----------------------+--------------+-------------------------+---------------------+------------------------------------+
; Module Name          ; Elapsed Time ; Average Processors Used ; Peak Virtual Memory ; Total CPU Time (on all processors) ;
+----------------------+--------------+-------------------------+---------------------+------------------------------------+
; Analysis & Synthesis ; 00:00:12     ; 1.0                     ; 4849 MB             ; 00:00:11                           ;
; Fitter               ; 00:00:09     ; 1.1                     ; 6606 MB             ; 00:00:07                           ;
; Assembler            ; 00:00:04     ; 1.0                     ; 4682 MB             ; 00:00:02                           ;
; Timing Analyzer      ; 00:00:03     ; 1.2                     ; 4964 MB             ; 00:00:01                           ;
; EDA Netlist Writer   ; 00:00:01     ; 1.0                     ; 4648 MB             ; 00:00:00                           ;
; Total                ; 00:00:29     ; --                      ; --                  ; 00:00:21                           ;
+----------------------+--------------+-------------------------+---------------------+------------------------------------+


+------------------------------------------------------------------------------------+
; Flow OS Summary                                                                    ;
+----------------------+------------------+------------+------------+----------------+
; Module Name          ; Machine Hostname ; OS Name    ; OS Version ; Processor type ;
+----------------------+------------------+------------+------------+----------------+
; Analysis & Synthesis ; DavidLegion      ; Windows 10 ; 10.0       ; x86_64         ;
; Fitter               ; DavidLegion      ; Windows 10 ; 10.0       ; x86_64         ;
; Assembler            ; DavidLegion      ; Windows 10 ; 10.0       ; x86_64         ;
; Timing Analyzer      ; DavidLegion      ; Windows 10 ; 10.0       ; x86_64         ;
; EDA Netlist Writer   ; DavidLegion      ; Windows 10 ; 10.0       ; x86_64         ;
+----------------------+------------------+------------+------------+----------------+


------------
; Flow Log ;
------------
quartus_map --read_settings_files=on --write_settings_files=off clk_divider -c clk_divider_counter
quartus_fit --read_settings_files=off --write_settings_files=off clk_divider -c clk_divider_counter
quartus_asm --read_settings_files=off --write_settings_files=off clk_divider -c clk_divider_counter
quartus_sta clk_divider -c clk_divider_counter
quartus_eda --read_settings_files=off --write_settings_files=off clk_divider -c clk_divider_counter



