Analysis & Elaboration report for TOP
Tue Mar 19 21:27:45 2024
Quartus Prime Version 18.0.0 Build 614 04/24/2018 SJ Lite Edition


---------------------
; Table of Contents ;
---------------------
  1. Legal Notice
  2. Analysis & Elaboration Summary
  3. Parallel Compilation
  4. Parameter Settings for User Entity Instance: DE10_Lite_wr:dut|TOP:BOARD1|UART_rs232_rx:I_RS232RX
  5. Parameter Settings for User Entity Instance: DE10_Lite_wr:dut|TOP:BOARD1|UART_rs232_tx:I_RS232TX
  6. Parameter Settings for User Entity Instance: DE10_Lite_wr:dut|TOP:BOARD2|UART_rs232_rx:I_RS232RX
  7. Parameter Settings for User Entity Instance: DE10_Lite_wr:dut|TOP:BOARD2|UART_rs232_tx:I_RS232TX
  8. Analysis & Elaboration Settings
  9. Port Connectivity Checks: "DE10_Lite_wr:dut|TOP:BOARD2"
 10. Port Connectivity Checks: "DE10_Lite_wr:dut|TOP:BOARD1|UART_BaudRate_generator:I_BAUDGEN"
 11. Port Connectivity Checks: "DE10_Lite_wr:dut|TOP:BOARD1|UART_rs232_tx:I_RS232TX"
 12. Port Connectivity Checks: "DE10_Lite_wr:dut|TOP:BOARD1|UART_rs232_rx:I_RS232RX"
 13. Port Connectivity Checks: "DE10_Lite_wr:dut|TOP:BOARD1"
 14. Port Connectivity Checks: "DE10_Lite_wr:dut|segmentos_7:TRANSMITER_DISPLAY3"
 15. Port Connectivity Checks: "DE10_Lite_wr:dut|segmentos_7:TRANSMITER_DISPLAY2"
 16. Port Connectivity Checks: "DE10_Lite_wr:dut|segmentos_7:TRANSMITER_DISPLAY1"
 17. Port Connectivity Checks: "DE10_Lite_wr:dut|segmentos_7:RECEIVER_DISPLAY3"
 18. Port Connectivity Checks: "DE10_Lite_wr:dut|segmentos_7:RECEIVER_DISPLAY2"
 19. Port Connectivity Checks: "DE10_Lite_wr:dut|segmentos_7:RECEIVER_DISPLAY1"
 20. Port Connectivity Checks: "DE10_Lite_wr:dut"
 21. Analysis & Elaboration Messages
 22. Analysis & Elaboration Suppressed Messages



----------------
; Legal Notice ;
----------------
Copyright (C) 2018  Intel Corporation. All rights reserved.
Your use of Intel Corporation's design tools, logic functions 
and other software and tools, and its AMPP partner logic 
functions, and any output files from any of the foregoing 
(including device programming or simulation files), and any 
associated documentation or information are expressly subject 
to the terms and conditions of the Intel Program License 
Subscription Agreement, the Intel Quartus Prime License Agreement,
the Intel FPGA IP License Agreement, or other applicable license
agreement, including, without limitation, that your use is for
the sole purpose of programming logic devices manufactured by
Intel and sold by Intel or its authorized distributors.  Please
refer to the applicable agreement for further details.



+----------------------------------------------------------------------------------+
; Analysis & Elaboration Summary                                                   ;
+------------------------------------+---------------------------------------------+
; Analysis & Elaboration Status      ; Successful - Tue Mar 19 21:27:45 2024       ;
; Quartus Prime Version              ; 18.0.0 Build 614 04/24/2018 SJ Lite Edition ;
; Revision Name                      ; TOP                                         ;
; Top-level Entity Name              ; UART_tb                                     ;
; Family                             ; MAX 10                                      ;
; Total logic elements               ; N/A until Partition Merge                   ;
;     Total combinational functions  ; N/A until Partition Merge                   ;
;     Dedicated logic registers      ; N/A until Partition Merge                   ;
; Total registers                    ; N/A until Partition Merge                   ;
; Total pins                         ; N/A until Partition Merge                   ;
; Total virtual pins                 ; N/A until Partition Merge                   ;
; Total memory bits                  ; N/A until Partition Merge                   ;
; Embedded Multiplier 9-bit elements ; N/A until Partition Merge                   ;
; Total PLLs                         ; N/A until Partition Merge                   ;
; UFM blocks                         ; N/A until Partition Merge                   ;
; ADC blocks                         ; N/A until Partition Merge                   ;
+------------------------------------+---------------------------------------------+


+------------------------------------------+
; Parallel Compilation                     ;
+----------------------------+-------------+
; Processors                 ; Number      ;
+----------------------------+-------------+
; Number detected on machine ; 16          ;
; Maximum allowed            ; 16          ;
;                            ;             ;
; Average used               ; 1.00        ;
; Maximum used               ; 1           ;
;                            ;             ;
; Usage by Processor         ; % Time Used ;
;     Processor 1            ; 100.0%      ;
+----------------------------+-------------+


+--------------------------------------------------------------------------------------------------+
; Parameter Settings for User Entity Instance: DE10_Lite_wr:dut|TOP:BOARD1|UART_rs232_rx:I_RS232RX ;
+----------------+-------+-------------------------------------------------------------------------+
; Parameter Name ; Value ; Type                                                                    ;
+----------------+-------+-------------------------------------------------------------------------+
; IDLE           ; 0     ; Unsigned Binary                                                         ;
; READ           ; 1     ; Unsigned Binary                                                         ;
+----------------+-------+-------------------------------------------------------------------------+
Note: In order to hide this table in the UI and the text report file, please set the "Show Parameter Settings in Synthesis Report" option in "Analysis and Synthesis Settings -> More Settings" to "Off".


+--------------------------------------------------------------------------------------------------+
; Parameter Settings for User Entity Instance: DE10_Lite_wr:dut|TOP:BOARD1|UART_rs232_tx:I_RS232TX ;
+----------------+-------+-------------------------------------------------------------------------+
; Parameter Name ; Value ; Type                                                                    ;
+----------------+-------+-------------------------------------------------------------------------+
; IDLE           ; 0     ; Unsigned Binary                                                         ;
; WRITE          ; 1     ; Unsigned Binary                                                         ;
+----------------+-------+-------------------------------------------------------------------------+
Note: In order to hide this table in the UI and the text report file, please set the "Show Parameter Settings in Synthesis Report" option in "Analysis and Synthesis Settings -> More Settings" to "Off".


+--------------------------------------------------------------------------------------------------+
; Parameter Settings for User Entity Instance: DE10_Lite_wr:dut|TOP:BOARD2|UART_rs232_rx:I_RS232RX ;
+----------------+-------+-------------------------------------------------------------------------+
; Parameter Name ; Value ; Type                                                                    ;
+----------------+-------+-------------------------------------------------------------------------+
; IDLE           ; 0     ; Unsigned Binary                                                         ;
; READ           ; 1     ; Unsigned Binary                                                         ;
+----------------+-------+-------------------------------------------------------------------------+
Note: In order to hide this table in the UI and the text report file, please set the "Show Parameter Settings in Synthesis Report" option in "Analysis and Synthesis Settings -> More Settings" to "Off".


+--------------------------------------------------------------------------------------------------+
; Parameter Settings for User Entity Instance: DE10_Lite_wr:dut|TOP:BOARD2|UART_rs232_tx:I_RS232TX ;
+----------------+-------+-------------------------------------------------------------------------+
; Parameter Name ; Value ; Type                                                                    ;
+----------------+-------+-------------------------------------------------------------------------+
; IDLE           ; 0     ; Unsigned Binary                                                         ;
; WRITE          ; 1     ; Unsigned Binary                                                         ;
+----------------+-------+-------------------------------------------------------------------------+
Note: In order to hide this table in the UI and the text report file, please set the "Show Parameter Settings in Synthesis Report" option in "Analysis and Synthesis Settings -> More Settings" to "Off".


+------------------------------------------------------------------------------------------------------------+
; Analysis & Elaboration Settings                                                                            ;
+------------------------------------------------------------------+--------------------+--------------------+
; Option                                                           ; Setting            ; Default Value      ;
+------------------------------------------------------------------+--------------------+--------------------+
; Device                                                           ; 10M50DAF484C7G     ;                    ;
; Top-level entity name                                            ; UART_tb            ; TOP                ;
; Family name                                                      ; MAX 10             ; Cyclone V          ;
; Use smart compilation                                            ; Off                ; Off                ;
; Enable parallel Assembler and Timing Analyzer during compilation ; On                 ; On                 ;
; Enable compact report table                                      ; Off                ; Off                ;
; Restructure Multiplexers                                         ; Auto               ; Auto               ;
; Create Debugging Nodes for IP Cores                              ; Off                ; Off                ;
; Preserve fewer node names                                        ; On                 ; On                 ;
; Intel FPGA IP Evaluation Mode                                    ; Enable             ; Enable             ;
; Verilog Version                                                  ; Verilog_2001       ; Verilog_2001       ;
; VHDL Version                                                     ; VHDL_1993          ; VHDL_1993          ;
; State Machine Processing                                         ; Auto               ; Auto               ;
; Safe State Machine                                               ; Off                ; Off                ;
; Extract Verilog State Machines                                   ; On                 ; On                 ;
; Extract VHDL State Machines                                      ; On                 ; On                 ;
; Ignore Verilog initial constructs                                ; Off                ; Off                ;
; Iteration limit for constant Verilog loops                       ; 5000               ; 5000               ;
; Iteration limit for non-constant Verilog loops                   ; 250                ; 250                ;
; Add Pass-Through Logic to Inferred RAMs                          ; On                 ; On                 ;
; Infer RAMs from Raw Logic                                        ; On                 ; On                 ;
; Parallel Synthesis                                               ; On                 ; On                 ;
; DSP Block Balancing                                              ; Auto               ; Auto               ;
; NOT Gate Push-Back                                               ; On                 ; On                 ;
; Power-Up Don't Care                                              ; On                 ; On                 ;
; Remove Redundant Logic Cells                                     ; Off                ; Off                ;
; Remove Duplicate Registers                                       ; On                 ; On                 ;
; Ignore CARRY Buffers                                             ; Off                ; Off                ;
; Ignore CASCADE Buffers                                           ; Off                ; Off                ;
; Ignore GLOBAL Buffers                                            ; Off                ; Off                ;
; Ignore ROW GLOBAL Buffers                                        ; Off                ; Off                ;
; Ignore LCELL Buffers                                             ; Off                ; Off                ;
; Ignore SOFT Buffers                                              ; On                 ; On                 ;
; Limit AHDL Integers to 32 Bits                                   ; Off                ; Off                ;
; Optimization Technique                                           ; Balanced           ; Balanced           ;
; Carry Chain Length                                               ; 70                 ; 70                 ;
; Auto Carry Chains                                                ; On                 ; On                 ;
; Auto Open-Drain Pins                                             ; On                 ; On                 ;
; Perform WYSIWYG Primitive Resynthesis                            ; Off                ; Off                ;
; Auto ROM Replacement                                             ; On                 ; On                 ;
; Auto RAM Replacement                                             ; On                 ; On                 ;
; Auto DSP Block Replacement                                       ; On                 ; On                 ;
; Auto Shift Register Replacement                                  ; Auto               ; Auto               ;
; Allow Shift Register Merging across Hierarchies                  ; Auto               ; Auto               ;
; Auto Clock Enable Replacement                                    ; On                 ; On                 ;
; Strict RAM Replacement                                           ; Off                ; Off                ;
; Allow Synchronous Control Signals                                ; On                 ; On                 ;
; Force Use of Synchronous Clear Signals                           ; Off                ; Off                ;
; Auto RAM Block Balancing                                         ; On                 ; On                 ;
; Auto RAM to Logic Cell Conversion                                ; Off                ; Off                ;
; Auto Resource Sharing                                            ; Off                ; Off                ;
; Allow Any RAM Size For Recognition                               ; Off                ; Off                ;
; Allow Any ROM Size For Recognition                               ; Off                ; Off                ;
; Allow Any Shift Register Size For Recognition                    ; Off                ; Off                ;
; Use LogicLock Constraints during Resource Balancing              ; On                 ; On                 ;
; Ignore translate_off and synthesis_off directives                ; Off                ; Off                ;
; Timing-Driven Synthesis                                          ; On                 ; On                 ;
; Report Parameter Settings                                        ; On                 ; On                 ;
; Report Source Assignments                                        ; On                 ; On                 ;
; Report Connectivity Checks                                       ; On                 ; On                 ;
; Ignore Maximum Fan-Out Assignments                               ; Off                ; Off                ;
; Synchronization Register Chain Length                            ; 2                  ; 2                  ;
; Power Optimization During Synthesis                              ; Normal compilation ; Normal compilation ;
; HDL message level                                                ; Level2             ; Level2             ;
; Suppress Register Optimization Related Messages                  ; Off                ; Off                ;
; Number of Removed Registers Reported in Synthesis Report         ; 5000               ; 5000               ;
; Number of Swept Nodes Reported in Synthesis Report               ; 5000               ; 5000               ;
; Number of Inverted Registers Reported in Synthesis Report        ; 100                ; 100                ;
; Clock MUX Protection                                             ; On                 ; On                 ;
; Auto Gated Clock Conversion                                      ; Off                ; Off                ;
; Block Design Naming                                              ; Auto               ; Auto               ;
; SDC constraint protection                                        ; Off                ; Off                ;
; Synthesis Effort                                                 ; Auto               ; Auto               ;
; Shift Register Replacement - Allow Asynchronous Clear Signal     ; On                 ; On                 ;
; Pre-Mapping Resynthesis Optimization                             ; Off                ; Off                ;
; Analysis & Synthesis Message Level                               ; Medium             ; Medium             ;
; Disable Register Merging Across Hierarchies                      ; Auto               ; Auto               ;
; Resource Aware Inference For Block RAM                           ; On                 ; On                 ;
+------------------------------------------------------------------+--------------------+--------------------+


+---------------------------------------------------------+
; Port Connectivity Checks: "DE10_Lite_wr:dut|TOP:BOARD2" ;
+--------+--------+----------+----------------------------+
; Port   ; Type   ; Severity ; Details                    ;
+--------+--------+----------+----------------------------+
; Tx     ; Output ; Info     ; Explicitly unconnected     ;
; TxData ; Input  ; Info     ; Explicitly unconnected     ;
+--------+--------+----------+----------------------------+


+-------------------------------------------------------------------------------------------+
; Port Connectivity Checks: "DE10_Lite_wr:dut|TOP:BOARD1|UART_BaudRate_generator:I_BAUDGEN" ;
+-----------------+-------+----------+------------------------------------------------------+
; Port            ; Type  ; Severity ; Details                                              ;
+-----------------+-------+----------+------------------------------------------------------+
; BaudRate[15..9] ; Input ; Info     ; Stuck at GND                                         ;
; BaudRate[5..3]  ; Input ; Info     ; Stuck at GND                                         ;
; BaudRate[8]     ; Input ; Info     ; Stuck at VCC                                         ;
; BaudRate[7]     ; Input ; Info     ; Stuck at GND                                         ;
; BaudRate[6]     ; Input ; Info     ; Stuck at VCC                                         ;
; BaudRate[2]     ; Input ; Info     ; Stuck at VCC                                         ;
; BaudRate[1]     ; Input ; Info     ; Stuck at GND                                         ;
; BaudRate[0]     ; Input ; Info     ; Stuck at VCC                                         ;
+-----------------+-------+----------+------------------------------------------------------+


+------------------------------------------------------------------------------------------------------------------+
; Port Connectivity Checks: "DE10_Lite_wr:dut|TOP:BOARD1|UART_rs232_tx:I_RS232TX"                                  ;
+--------+--------+----------+-------------------------------------------------------------------------------------+
; Port   ; Type   ; Severity ; Details                                                                             ;
+--------+--------+----------+-------------------------------------------------------------------------------------+
; TxEn   ; Input  ; Info     ; Stuck at VCC                                                                        ;
; TxDone ; Output ; Info     ; Connected to dangling logic. Logic that only feeds a dangling port will be removed. ;
+--------+--------+----------+-------------------------------------------------------------------------------------+


+------------------------------------------------------------------------------------------------------------------+
; Port Connectivity Checks: "DE10_Lite_wr:dut|TOP:BOARD1|UART_rs232_rx:I_RS232RX"                                  ;
+--------+--------+----------+-------------------------------------------------------------------------------------+
; Port   ; Type   ; Severity ; Details                                                                             ;
+--------+--------+----------+-------------------------------------------------------------------------------------+
; RxEn   ; Input  ; Info     ; Stuck at VCC                                                                        ;
; RxDone ; Output ; Info     ; Connected to dangling logic. Logic that only feeds a dangling port will be removed. ;
+--------+--------+----------+-------------------------------------------------------------------------------------+


+---------------------------------------------------------+
; Port Connectivity Checks: "DE10_Lite_wr:dut|TOP:BOARD1" ;
+--------+--------+----------+----------------------------+
; Port   ; Type   ; Severity ; Details                    ;
+--------+--------+----------+----------------------------+
; Rx     ; Input  ; Info     ; Explicitly unconnected     ;
; RxData ; Output ; Info     ; Explicitly unconnected     ;
+--------+--------+----------+----------------------------+


+--------------------------------------------------------------------------------------------------------------------------------------------------------------------------------------------------+
; Port Connectivity Checks: "DE10_Lite_wr:dut|segmentos_7:TRANSMITER_DISPLAY3"                                                                                                                     ;
+-------------------+-------+----------+-----------------------------------------------------------------------------------------------------------------------------------------------------------+
; Port              ; Type  ; Severity ; Details                                                                                                                                                   ;
+-------------------+-------+----------+-----------------------------------------------------------------------------------------------------------------------------------------------------------+
; data_segmentos_in ; Input ; Warning  ; Input port expression (3 bits) is smaller than the input port (8 bits) it drives.  Extra input bit(s) "data_segmentos_in[7..3]" will be connected to GND. ;
+-------------------+-------+----------+-----------------------------------------------------------------------------------------------------------------------------------------------------------+


+--------------------------------------------------------------------------------------------------------------------------------------------------------------------------------------------------+
; Port Connectivity Checks: "DE10_Lite_wr:dut|segmentos_7:TRANSMITER_DISPLAY2"                                                                                                                     ;
+-------------------+-------+----------+-----------------------------------------------------------------------------------------------------------------------------------------------------------+
; Port              ; Type  ; Severity ; Details                                                                                                                                                   ;
+-------------------+-------+----------+-----------------------------------------------------------------------------------------------------------------------------------------------------------+
; data_segmentos_in ; Input ; Warning  ; Input port expression (4 bits) is smaller than the input port (8 bits) it drives.  Extra input bit(s) "data_segmentos_in[7..4]" will be connected to GND. ;
+-------------------+-------+----------+-----------------------------------------------------------------------------------------------------------------------------------------------------------+


+--------------------------------------------------------------------------------------------------------------------------------------------------------------------------------------------------+
; Port Connectivity Checks: "DE10_Lite_wr:dut|segmentos_7:TRANSMITER_DISPLAY1"                                                                                                                     ;
+-------------------+-------+----------+-----------------------------------------------------------------------------------------------------------------------------------------------------------+
; Port              ; Type  ; Severity ; Details                                                                                                                                                   ;
+-------------------+-------+----------+-----------------------------------------------------------------------------------------------------------------------------------------------------------+
; data_segmentos_in ; Input ; Warning  ; Input port expression (4 bits) is smaller than the input port (8 bits) it drives.  Extra input bit(s) "data_segmentos_in[7..4]" will be connected to GND. ;
+-------------------+-------+----------+-----------------------------------------------------------------------------------------------------------------------------------------------------------+


+--------------------------------------------------------------------------------------------------------------------------------------------------------------------------------------------------+
; Port Connectivity Checks: "DE10_Lite_wr:dut|segmentos_7:RECEIVER_DISPLAY3"                                                                                                                       ;
+-------------------+-------+----------+-----------------------------------------------------------------------------------------------------------------------------------------------------------+
; Port              ; Type  ; Severity ; Details                                                                                                                                                   ;
+-------------------+-------+----------+-----------------------------------------------------------------------------------------------------------------------------------------------------------+
; data_segmentos_in ; Input ; Warning  ; Input port expression (3 bits) is smaller than the input port (8 bits) it drives.  Extra input bit(s) "data_segmentos_in[7..3]" will be connected to GND. ;
+-------------------+-------+----------+-----------------------------------------------------------------------------------------------------------------------------------------------------------+


+--------------------------------------------------------------------------------------------------------------------------------------------------------------------------------------------------+
; Port Connectivity Checks: "DE10_Lite_wr:dut|segmentos_7:RECEIVER_DISPLAY2"                                                                                                                       ;
+-------------------+-------+----------+-----------------------------------------------------------------------------------------------------------------------------------------------------------+
; Port              ; Type  ; Severity ; Details                                                                                                                                                   ;
+-------------------+-------+----------+-----------------------------------------------------------------------------------------------------------------------------------------------------------+
; data_segmentos_in ; Input ; Warning  ; Input port expression (4 bits) is smaller than the input port (8 bits) it drives.  Extra input bit(s) "data_segmentos_in[7..4]" will be connected to GND. ;
+-------------------+-------+----------+-----------------------------------------------------------------------------------------------------------------------------------------------------------+


+--------------------------------------------------------------------------------------------------------------------------------------------------------------------------------------------------+
; Port Connectivity Checks: "DE10_Lite_wr:dut|segmentos_7:RECEIVER_DISPLAY1"                                                                                                                       ;
+-------------------+-------+----------+-----------------------------------------------------------------------------------------------------------------------------------------------------------+
; Port              ; Type  ; Severity ; Details                                                                                                                                                   ;
+-------------------+-------+----------+-----------------------------------------------------------------------------------------------------------------------------------------------------------+
; data_segmentos_in ; Input ; Warning  ; Input port expression (4 bits) is smaller than the input port (8 bits) it drives.  Extra input bit(s) "data_segmentos_in[7..4]" will be connected to GND. ;
+-------------------+-------+----------+-----------------------------------------------------------------------------------------------------------------------------------------------------------+


+----------------------------------------------------------------------------------------------------------------+
; Port Connectivity Checks: "DE10_Lite_wr:dut"                                                                   ;
+------+--------+----------+-------------------------------------------------------------------------------------+
; Port ; Type   ; Severity ; Details                                                                             ;
+------+--------+----------+-------------------------------------------------------------------------------------+
; LEDR ; Output ; Info     ; Connected to dangling logic. Logic that only feeds a dangling port will be removed. ;
; HEX0 ; Output ; Info     ; Connected to dangling logic. Logic that only feeds a dangling port will be removed. ;
; HEX1 ; Output ; Info     ; Connected to dangling logic. Logic that only feeds a dangling port will be removed. ;
; HEX2 ; Output ; Info     ; Connected to dangling logic. Logic that only feeds a dangling port will be removed. ;
; HEX3 ; Output ; Info     ; Connected to dangling logic. Logic that only feeds a dangling port will be removed. ;
; HEX4 ; Output ; Info     ; Connected to dangling logic. Logic that only feeds a dangling port will be removed. ;
; HEX5 ; Output ; Info     ; Connected to dangling logic. Logic that only feeds a dangling port will be removed. ;
+------+--------+----------+-------------------------------------------------------------------------------------+


+---------------------------------+
; Analysis & Elaboration Messages ;
+---------------------------------+
Info: *******************************************************************
Info: Running Quartus Prime Analysis & Elaboration
    Info: Version 18.0.0 Build 614 04/24/2018 SJ Lite Edition
    Info: Processing started: Tue Mar 19 21:27:31 2024
Info: Command: quartus_map --read_settings_files=on --write_settings_files=off TOP -c TOP --analysis_and_elaboration
Warning (18236): Number of processors has not been specified which may cause overloading on shared machines.  Set the global assignment NUM_PARALLEL_PROCESSORS in your QSF to an appropriate value for best performance.
Info (20030): Parallel compilation is enabled and will use 16 of the 16 processors detected
Info (12021): Found 1 design units, including 1 entities, in source file /users/daveo/onedrive/documentos/school/uni_s.4/logic/verilog_labs/7segment_display/segmentos_7.v
    Info (12023): Found entity 1: segmentos_7 File: C:/Users/daveo/OneDrive/Documentos/School/UNI_S.4/LOGIC/Verilog_labs/7segment_display/segmentos_7.v Line: 2
Info (12021): Found 1 design units, including 1 entities, in source file /users/daveo/onedrive/documentos/school/uni_s.4/logic/verilog_labs/uart/src/uart_tx.v
    Info (12023): Found entity 1: UART_rs232_tx File: C:/Users/daveo/OneDrive/Documentos/School/UNI_S.4/LOGIC/Verilog_labs/UART/src/UART_tx.v Line: 1
Info (12021): Found 1 design units, including 1 entities, in source file /users/daveo/onedrive/documentos/school/uni_s.4/logic/verilog_labs/uart/src/uart_rx.v
    Info (12023): Found entity 1: UART_rs232_rx File: C:/Users/daveo/OneDrive/Documentos/School/UNI_S.4/LOGIC/Verilog_labs/UART/src/UART_rx.v Line: 1
Info (12021): Found 1 design units, including 1 entities, in source file /users/daveo/onedrive/documentos/school/uni_s.4/logic/verilog_labs/uart/src/uart_baudrate_generator.v
    Info (12023): Found entity 1: UART_BaudRate_generator File: C:/Users/daveo/OneDrive/Documentos/School/UNI_S.4/LOGIC/Verilog_labs/UART/src/UART_baudrate_generator.v Line: 8
Info (12021): Found 1 design units, including 1 entities, in source file /users/daveo/onedrive/documentos/school/uni_s.4/logic/verilog_labs/uart/src/top.v
    Info (12023): Found entity 1: TOP File: C:/Users/daveo/OneDrive/Documentos/School/UNI_S.4/LOGIC/Verilog_labs/UART/src/TOP.v Line: 5
Info (12021): Found 1 design units, including 1 entities, in source file /users/daveo/onedrive/documentos/school/uni_s.4/logic/verilog_labs/uart/src/de10_lite_wr.v
    Info (12023): Found entity 1: DE10_Lite_wr File: C:/Users/daveo/OneDrive/Documentos/School/UNI_S.4/LOGIC/Verilog_labs/UART/src/DE10_Lite_wr.v Line: 2
Info (12021): Found 1 design units, including 1 entities, in source file /users/daveo/onedrive/documentos/school/uni_s.4/logic/verilog_labs/uart/src/two_boards_de10_lite_wr.v
    Info (12023): Found entity 1: two_boards_DE10_Lite_wr File: C:/Users/daveo/OneDrive/Documentos/School/UNI_S.4/LOGIC/Verilog_labs/UART/src/two_boards_DE10_Lite_wr.v Line: 2
Info (12021): Found 1 design units, including 1 entities, in source file /users/daveo/onedrive/documentos/school/uni_s.4/logic/verilog_labs/uart/tb/uart_tb.v
    Info (12023): Found entity 1: UART_tb File: C:/Users/daveo/OneDrive/Documentos/School/UNI_S.4/LOGIC/Verilog_labs/UART/tb/UART_tb.v Line: 4
Info (12127): Elaborating entity "UART_tb" for the top level hierarchy
Warning (10755): Verilog HDL warning at UART_tb.v(30): assignments to MAX10_CLK1_50 create a combinational loop File: C:/Users/daveo/OneDrive/Documentos/School/UNI_S.4/LOGIC/Verilog_labs/UART/tb/UART_tb.v Line: 30
Warning (10175): Verilog HDL warning at UART_tb.v(55): ignoring unsupported system task File: C:/Users/daveo/OneDrive/Documentos/School/UNI_S.4/LOGIC/Verilog_labs/UART/tb/UART_tb.v Line: 55
Info (12128): Elaborating entity "DE10_Lite_wr" for hierarchy "DE10_Lite_wr:dut" File: C:/Users/daveo/OneDrive/Documentos/School/UNI_S.4/LOGIC/Verilog_labs/UART/tb/UART_tb.v Line: 27
Warning (10230): Verilog HDL assignment warning at DE10_Lite_wr.v(28): truncated value with size 32 to match size of target (4) File: C:/Users/daveo/OneDrive/Documentos/School/UNI_S.4/LOGIC/Verilog_labs/UART/src/DE10_Lite_wr.v Line: 28
Warning (10230): Verilog HDL assignment warning at DE10_Lite_wr.v(29): truncated value with size 32 to match size of target (4) File: C:/Users/daveo/OneDrive/Documentos/School/UNI_S.4/LOGIC/Verilog_labs/UART/src/DE10_Lite_wr.v Line: 29
Warning (10230): Verilog HDL assignment warning at DE10_Lite_wr.v(30): truncated value with size 32 to match size of target (3) File: C:/Users/daveo/OneDrive/Documentos/School/UNI_S.4/LOGIC/Verilog_labs/UART/src/DE10_Lite_wr.v Line: 30
Warning (10230): Verilog HDL assignment warning at DE10_Lite_wr.v(55): truncated value with size 32 to match size of target (4) File: C:/Users/daveo/OneDrive/Documentos/School/UNI_S.4/LOGIC/Verilog_labs/UART/src/DE10_Lite_wr.v Line: 55
Warning (10230): Verilog HDL assignment warning at DE10_Lite_wr.v(56): truncated value with size 32 to match size of target (4) File: C:/Users/daveo/OneDrive/Documentos/School/UNI_S.4/LOGIC/Verilog_labs/UART/src/DE10_Lite_wr.v Line: 56
Warning (10230): Verilog HDL assignment warning at DE10_Lite_wr.v(57): truncated value with size 32 to match size of target (3) File: C:/Users/daveo/OneDrive/Documentos/School/UNI_S.4/LOGIC/Verilog_labs/UART/src/DE10_Lite_wr.v Line: 57
Warning (10034): Output port "LEDR" at DE10_Lite_wr.v(8) has no driver File: C:/Users/daveo/OneDrive/Documentos/School/UNI_S.4/LOGIC/Verilog_labs/UART/src/DE10_Lite_wr.v Line: 8
Info (12128): Elaborating entity "segmentos_7" for hierarchy "DE10_Lite_wr:dut|segmentos_7:RECEIVER_DISPLAY1" File: C:/Users/daveo/OneDrive/Documentos/School/UNI_S.4/LOGIC/Verilog_labs/UART/src/DE10_Lite_wr.v Line: 36
Info (12128): Elaborating entity "TOP" for hierarchy "DE10_Lite_wr:dut|TOP:BOARD1" File: C:/Users/daveo/OneDrive/Documentos/School/UNI_S.4/LOGIC/Verilog_labs/UART/src/DE10_Lite_wr.v Line: 94
Info (12128): Elaborating entity "UART_rs232_rx" for hierarchy "DE10_Lite_wr:dut|TOP:BOARD1|UART_rs232_rx:I_RS232RX" File: C:/Users/daveo/OneDrive/Documentos/School/UNI_S.4/LOGIC/Verilog_labs/UART/src/TOP.v Line: 48
Warning (10230): Verilog HDL assignment warning at UART_rx.v(99): truncated value with size 32 to match size of target (4) File: C:/Users/daveo/OneDrive/Documentos/School/UNI_S.4/LOGIC/Verilog_labs/UART/src/UART_rx.v Line: 99
Warning (10230): Verilog HDL assignment warning at UART_rx.v(110): truncated value with size 32 to match size of target (5) File: C:/Users/daveo/OneDrive/Documentos/School/UNI_S.4/LOGIC/Verilog_labs/UART/src/UART_rx.v Line: 110
Info (12128): Elaborating entity "UART_rs232_tx" for hierarchy "DE10_Lite_wr:dut|TOP:BOARD1|UART_rs232_tx:I_RS232TX" File: C:/Users/daveo/OneDrive/Documentos/School/UNI_S.4/LOGIC/Verilog_labs/UART/src/TOP.v Line: 60
Warning (10230): Verilog HDL assignment warning at UART_tx.v(104): truncated value with size 32 to match size of target (4) File: C:/Users/daveo/OneDrive/Documentos/School/UNI_S.4/LOGIC/Verilog_labs/UART/src/UART_tx.v Line: 104
Warning (10230): Verilog HDL assignment warning at UART_tx.v(124): truncated value with size 32 to match size of target (5) File: C:/Users/daveo/OneDrive/Documentos/School/UNI_S.4/LOGIC/Verilog_labs/UART/src/UART_tx.v Line: 124
Info (12128): Elaborating entity "UART_BaudRate_generator" for hierarchy "DE10_Lite_wr:dut|TOP:BOARD1|UART_BaudRate_generator:I_BAUDGEN" File: C:/Users/daveo/OneDrive/Documentos/School/UNI_S.4/LOGIC/Verilog_labs/UART/src/TOP.v Line: 68
Warning (12011): Net is missing source, defaulting to GND
    Warning (12110): Net "MAX10_CLK1_50" is missing source, defaulting to GND File: C:/Users/daveo/OneDrive/Documentos/School/UNI_S.4/LOGIC/Verilog_labs/UART/tb/UART_tb.v Line: 7
Warning (12241): 6 hierarchies have connectivity warnings - see the Connectivity Checks report folder
Info (144001): Generated suppressed messages file C:/Users/daveo/OneDrive/Documentos/School/UNI_S.4/LOGIC/Verilog_labs/UART/misc/output_files/TOP.map.smsg
Info: Quartus Prime Analysis & Elaboration was successful. 0 errors, 17 warnings
    Info: Peak virtual memory: 4713 megabytes
    Info: Processing ended: Tue Mar 19 21:27:45 2024
    Info: Elapsed time: 00:00:14
    Info: Total CPU time (on all processors): 00:00:13


+--------------------------------------------+
; Analysis & Elaboration Suppressed Messages ;
+--------------------------------------------+
The suppressed messages can be found in C:/Users/daveo/OneDrive/Documentos/School/UNI_S.4/LOGIC/Verilog_labs/UART/misc/output_files/TOP.map.smsg.


